c:\users\vcharatsidis\source\repos\iterative preasoners dilema\iterative preasoners dilema\debug\iterative preasoners dilema.pch
c:\users\vcharatsidis\source\repos\iterative preasoners dilema\iterative preasoners dilema\debug\vc141.pdb
c:\users\vcharatsidis\source\repos\iterative preasoners dilema\iterative preasoners dilema\debug\vc141.idb
c:\users\vcharatsidis\source\repos\iterative preasoners dilema\iterative preasoners dilema\debug\stdafx.obj
c:\users\vcharatsidis\source\repos\iterative preasoners dilema\iterative preasoners dilema\debug\win_stay_lose_shift.obj
c:\users\vcharatsidis\source\repos\iterative preasoners dilema\iterative preasoners dilema\debug\two_one.obj
c:\users\vcharatsidis\source\repos\iterative preasoners dilema\iterative preasoners dilema\debug\tit_for_tat.obj
c:\users\vcharatsidis\source\repos\iterative preasoners dilema\iterative preasoners dilema\debug\strategy.obj
c:\users\vcharatsidis\source\repos\iterative preasoners dilema\iterative preasoners dilema\debug\spiteful.obj
c:\users\vcharatsidis\source\repos\iterative preasoners dilema\iterative preasoners dilema\debug\smart_thief.obj
c:\users\vcharatsidis\source\repos\iterative preasoners dilema\iterative preasoners dilema\debug\simulator.obj
c:\users\vcharatsidis\source\repos\iterative preasoners dilema\iterative preasoners dilema\debug\random.obj
c:\users\vcharatsidis\source\repos\iterative preasoners dilema\iterative preasoners dilema\debug\iterative preasoners dilema.obj
c:\users\vcharatsidis\source\repos\iterative preasoners dilema\iterative preasoners dilema\debug\defector.obj
c:\users\vcharatsidis\source\repos\iterative preasoners dilema\iterative preasoners dilema\debug\babinos.obj
c:\users\vcharatsidis\source\repos\iterative preasoners dilema\iterative preasoners dilema\debug\one_two.obj
c:\users\vcharatsidis\source\repos\iterative preasoners dilema\debug\iterative preasoners dilema.ilk
c:\users\vcharatsidis\source\repos\iterative preasoners dilema\debug\iterative preasoners dilema.exe
c:\users\vcharatsidis\source\repos\iterative preasoners dilema\debug\iterative preasoners dilema.pdb
c:\users\vcharatsidis\source\repos\iterative preasoners dilema\iterative preasoners dilema\debug\iterativ.e3dfc4a4.tlog\cl.command.1.tlog
c:\users\vcharatsidis\source\repos\iterative preasoners dilema\iterative preasoners dilema\debug\iterativ.e3dfc4a4.tlog\cl.read.1.tlog
c:\users\vcharatsidis\source\repos\iterative preasoners dilema\iterative preasoners dilema\debug\iterativ.e3dfc4a4.tlog\cl.write.1.tlog
c:\users\vcharatsidis\source\repos\iterative preasoners dilema\iterative preasoners dilema\debug\iterativ.e3dfc4a4.tlog\link.command.1.tlog
c:\users\vcharatsidis\source\repos\iterative preasoners dilema\iterative preasoners dilema\debug\iterativ.e3dfc4a4.tlog\link.read.1.tlog
c:\users\vcharatsidis\source\repos\iterative preasoners dilema\iterative preasoners dilema\debug\iterativ.e3dfc4a4.tlog\link.write.1.tlog
